Time........................: Sat Jan  5 09:42:04 2013
COMMUNICATION...............: ONLINE
AC Power now.........[Watt].: 331
Load now................[%].: 2
AC Voltage now.......[Volt].: 232.3
AC Current now.......[Amps].: 0.86
DC Voltage now.......[Volt].: 595.8
DC Current now.......[Amps].: 0.26
AC Frequency now.......[Hz].: 50
Operating Hours.........[h].: 4373
Startups....................: 526
Energy today...........[Wh].: 200
Energy yesterday.......[Wh].: 5800
Energy this Month.....[kWh].: 35
Energy last Month.....[kWh].: 99
Energy this Year......[kWh].: 35
Energy last Year......[kWh].: 10610
Energy total..........[kWh].: 11357
Temperature Heat Sink..[°C].: 27
Operational State...........: 20008
============================================================
Time........................: Sat Jan  5 09:59:13 2013
COMMUNICATION...............: ONLINE
AC Power now.........[Watt].: 591
Load now................[%].: 4
AC Voltage now.......[Volt].: 232.8
AC Current now.......[Amps].: 1.04
DC Voltage now.......[Volt].: 612.8
DC Current now.......[Amps].: 0.48
AC Frequency now.......[Hz].: 49.98
Operating Hours.........[h].: 4373
Startups....................: 526
Energy today...........[Wh].: 300
Energy yesterday.......[Wh].: 5800
Energy this Month.....[kWh].: 35
Energy last Month.....[kWh].: 99
Energy this Year......[kWh].: 35
Energy last Year......[kWh].: 10610
Energy total..........[kWh].: 11357
Temperature Heat Sink..[°C].: 28
Operational State...........: 20008
============================================================
Time........................: Sat Jan  5 10:19:12 2013
COMMUNICATION...............: ONLINE
AC Power now.........[Watt].: 639
Load now................[%].: 4
AC Voltage now.......[Volt].: 233.7
AC Current now.......[Amps].: 1.08
DC Voltage now.......[Volt].: 619.2
DC Current now.......[Amps].: 0.5
AC Frequency now.......[Hz].: 50
Operating Hours.........[h].: 4374
Startups....................: 526
Energy today...........[Wh].: 500
Energy yesterday.......[Wh].: 5800
Energy this Month.....[kWh].: 36
Energy last Month.....[kWh].: 99
Energy this Year......[kWh].: 36
Energy last Year......[kWh].: 10610
Energy total..........[kWh].: 11357
Temperature Heat Sink..[°C].: 28
Operational State...........: 20008
============================================================
Time........................: Sat Jan  5 10:39:09 2013
COMMUNICATION...............: ONLINE
AC Power now.........[Watt].: 505
Load now................[%].: 3
AC Voltage now.......[Volt].: 233.7
AC Current now.......[Amps].: 0.98
DC Voltage now.......[Volt].: 613.3
DC Current now.......[Amps].: 0.4
AC Frequency now.......[Hz].: 49.99
Operating Hours.........[h].: 4374
Startups....................: 526
Energy today...........[Wh].: 700
Energy yesterday.......[Wh].: 5800
Energy this Month.....[kWh].: 36
Energy last Month.....[kWh].: 99
Energy this Year......[kWh].: 36
Energy last Year......[kWh].: 10610
Energy total..........[kWh].: 11358
Temperature Heat Sink..[°C].: 29
Operational State...........: 20008
============================================================
Time........................: Sat Jan  5 10:59:15 2013
COMMUNICATION...............: ONLINE
AC Power now.........[Watt].: 511
Load now................[%].: 3
AC Voltage now.......[Volt].: 233.7
AC Current now.......[Amps].: 0.99
DC Voltage now.......[Volt].: 612.2
DC Current now.......[Amps].: 0.4
AC Frequency now.......[Hz].: 50.02
Operating Hours.........[h].: 4374
Startups....................: 526
Energy today...........[Wh].: 900
Energy yesterday.......[Wh].: 5800
Energy this Month.....[kWh].: 36
Energy last Month.....[kWh].: 99
Energy this Year......[kWh].: 36
Energy last Year......[kWh].: 10610
Energy total..........[kWh].: 11358
Temperature Heat Sink..[°C].: 29
Operational State...........: 20008
============================================================
Time........................: Sat Jan  5 11:19:04 2013
COMMUNICATION...............: ONLINE
AC Power now.........[Watt].: 607
Load now................[%].: 4
AC Voltage now.......[Volt].: 234.1
AC Current now.......[Amps].: 1.08
DC Voltage now.......[Volt].: 615.3
DC Current now.......[Amps].: 0.5
AC Frequency now.......[Hz].: 50.01
Operating Hours.........[h].: 4375
Startups....................: 526
Energy today...........[Wh].: 1100
Energy yesterday.......[Wh].: 5800
Energy this Month.....[kWh].: 36
Energy last Month.....[kWh].: 99
Energy this Year......[kWh].: 36
Energy last Year......[kWh].: 10610
Energy total..........[kWh].: 11358
Temperature Heat Sink..[°C].: 29
Operational State...........: 20008
============================================================
Time........................: Sat Jan  5 11:39:14 2013
COMMUNICATION...............: ONLINE
AC Power now.........[Watt].: 891
Load now................[%].: 6
AC Voltage now.......[Volt].: 234.6
AC Current now.......[Amps].: 1.35
DC Voltage now.......[Volt].: 625.3
DC Current now.......[Amps].: 0.73
AC Frequency now.......[Hz].: 50
Operating Hours.........[h].: 4375
Startups....................: 526
Energy today...........[Wh].: 1400
Energy yesterday.......[Wh].: 5800
Energy this Month.....[kWh].: 36
Energy last Month.....[kWh].: 99
Energy this Year......[kWh].: 36
Energy last Year......[kWh].: 10610
Energy total..........[kWh].: 11358
Temperature Heat Sink..[°C].: 30
Operational State...........: 20008
============================================================
Time........................: Sat Jan  5 11:59:07 2013
COMMUNICATION...............: ONLINE
AC Power now.........[Watt].: 1322
Load now................[%].: 10
AC Voltage now.......[Volt].: 235
AC Current now.......[Amps].: 1.84
DC Voltage now.......[Volt].: 626.7
DC Current now.......[Amps].: 1.07
AC Frequency now.......[Hz].: 50
Operating Hours.........[h].: 4375
Startups....................: 526
Energy today...........[Wh].: 1800
Energy yesterday.......[Wh].: 5800
Energy this Month.....[kWh].: 37
Energy last Month.....[kWh].: 99
Energy this Year......[kWh].: 37
Energy last Year......[kWh].: 10610
Energy total..........[kWh].: 11359
Temperature Heat Sink..[°C].: 30
Operational State...........: 20008
============================================================
Time........................: Sat Jan  5 12:19:09 2013
COMMUNICATION...............: ONLINE
AC Power now.........[Watt].: 1211
Load now................[%].: 9
AC Voltage now.......[Volt].: 231.5
AC Current now.......[Amps].: 1.75
DC Voltage now.......[Volt].: 620.7
DC Current now.......[Amps].: 0.99
AC Frequency now.......[Hz].: 49.99
Operating Hours.........[h].: 4376
Startups....................: 526
Energy today...........[Wh].: 2400
Energy yesterday.......[Wh].: 5800
Energy this Month.....[kWh].: 37
Energy last Month.....[kWh].: 99
Energy this Year......[kWh].: 37
Energy last Year......[kWh].: 10610
Energy total..........[kWh].: 11359
Temperature Heat Sink..[°C].: 30
Operational State...........: 20008
============================================================
Time........................: Sat Jan  5 12:39:07 2013
COMMUNICATION...............: ONLINE
AC Power now.........[Watt].: 757
Load now................[%].: 5
AC Voltage now.......[Volt].: 231.5
AC Current now.......[Amps].: 1.22
DC Voltage now.......[Volt].: 620.1
DC Current now.......[Amps].: 0.63
AC Frequency now.......[Hz].: 50
Operating Hours.........[h].: 4376
Startups....................: 526
Energy today...........[Wh].: 2700
Energy yesterday.......[Wh].: 5800
Energy this Month.....[kWh].: 38
Energy last Month.....[kWh].: 99
Energy this Year......[kWh].: 38
Energy last Year......[kWh].: 10610
Energy total..........[kWh].: 11360
Temperature Heat Sink..[°C].: 31
Operational State...........: 20008
============================================================
Time........................: Sat Jan  5 12:59:13 2013
COMMUNICATION...............: ONLINE
AC Power now.........[Watt].: 1081
Load now................[%].: 8
AC Voltage now.......[Volt].: 232.3
AC Current now.......[Amps].: 1.57
DC Voltage now.......[Volt].: 627.2
DC Current now.......[Amps].: 0.89
AC Frequency now.......[Hz].: 49.99
Operating Hours.........[h].: 4376
Startups....................: 526
Energy today...........[Wh].: 2900
Energy yesterday.......[Wh].: 5800
Energy this Month.....[kWh].: 38
Energy last Month.....[kWh].: 99
Energy this Year......[kWh].: 38
Energy last Year......[kWh].: 10610
Energy total..........[kWh].: 11360
Temperature Heat Sink..[°C].: 30
Operational State...........: 20008
============================================================
Time........................: Sat Jan  5 13:19:06 2013
COMMUNICATION...............: ONLINE
AC Power now.........[Watt].: 786
Load now................[%].: 6
AC Voltage now.......[Volt].: 231.9
AC Current now.......[Amps].: 1.26
DC Voltage now.......[Volt].: 619.3
DC Current now.......[Amps].: 0.65
AC Frequency now.......[Hz].: 50
Operating Hours.........[h].: 4377
Startups....................: 526
Energy today...........[Wh].: 3200
Energy yesterday.......[Wh].: 5800
Energy this Month.....[kWh].: 38
Energy last Month.....[kWh].: 99
Energy this Year......[kWh].: 38
Energy last Year......[kWh].: 10610
Energy total..........[kWh].: 11360
Temperature Heat Sink..[°C].: 30
Operational State...........: 20008
============================================================
Time........................: Sat Jan  5 13:39:08 2013
COMMUNICATION...............: ONLINE
AC Power now.........[Watt].: 654
Load now................[%].: 5
AC Voltage now.......[Volt].: 231.5
AC Current now.......[Amps].: 1.13
DC Voltage now.......[Volt].: 612.3
DC Current now.......[Amps].: 0.54
AC Frequency now.......[Hz].: 49.99
Operating Hours.........[h].: 4377
Startups....................: 526
Energy today...........[Wh].: 3400
Energy yesterday.......[Wh].: 5800
Energy this Month.....[kWh].: 38
Energy last Month.....[kWh].: 99
Energy this Year......[kWh].: 38
Energy last Year......[kWh].: 10610
Energy total..........[kWh].: 11360
Temperature Heat Sink..[°C].: 31
Operational State...........: 20008
============================================================
Time........................: Sat Jan  5 13:59:10 2013
COMMUNICATION...............: ONLINE
AC Power now.........[Watt].: 1036
Load now................[%].: 7
AC Voltage now.......[Volt].: 232.3
AC Current now.......[Amps].: 1.53
DC Voltage now.......[Volt].: 628.6
DC Current now.......[Amps].: 0.85
AC Frequency now.......[Hz].: 50.02
Operating Hours.........[h].: 4377
Startups....................: 526
Energy today...........[Wh].: 3700
Energy yesterday.......[Wh].: 5800
Energy this Month.....[kWh].: 39
Energy last Month.....[kWh].: 99
Energy this Year......[kWh].: 39
Energy last Year......[kWh].: 10610
Energy total..........[kWh].: 11361
Temperature Heat Sink..[°C].: 31
Operational State...........: 20008
============================================================
Time........................: Sat Jan  5 14:19:03 2013
COMMUNICATION...............: ONLINE
AC Power now.........[Watt].: 426
Load now................[%].: 3
AC Voltage now.......[Volt].: 231.9
AC Current now.......[Amps].: 0.9
DC Voltage now.......[Volt].: 598
DC Current now.......[Amps].: 0.34
AC Frequency now.......[Hz].: 49.98
Operating Hours.........[h].: 4378
Startups....................: 526
Energy today...........[Wh].: 3900
Energy yesterday.......[Wh].: 5800
Energy this Month.....[kWh].: 39
Energy last Month.....[kWh].: 99
Energy this Year......[kWh].: 39
Energy last Year......[kWh].: 10610
Energy total..........[kWh].: 11361
Temperature Heat Sink..[°C].: 31
Operational State...........: 20008
============================================================
Time........................: Sat Jan  5 14:39:10 2013
COMMUNICATION...............: ONLINE
AC Power now.........[Watt].: 327
Load now................[%].: 2
AC Voltage now.......[Volt].: 232.8
AC Current now.......[Amps].: 0.86
DC Voltage now.......[Volt].: 600
DC Current now.......[Amps].: 0.26
AC Frequency now.......[Hz].: 50
Operating Hours.........[h].: 4378
Startups....................: 526
Energy today...........[Wh].: 4000
Energy yesterday.......[Wh].: 5800
Energy this Month.....[kWh].: 39
Energy last Month.....[kWh].: 99
Energy this Year......[kWh].: 39
Energy last Year......[kWh].: 10610
Energy total..........[kWh].: 11361
Temperature Heat Sink..[°C].: 31
Operational State...........: 20008
============================================================
Time........................: Sat Jan  5 14:59:07 2013
COMMUNICATION...............: ONLINE
AC Power now.........[Watt].: 261
Load now................[%].: 2
AC Voltage now.......[Volt].: 231.9
AC Current now.......[Amps].: 0.82
DC Voltage now.......[Volt].: 580.2
DC Current now.......[Amps].: 0.22
AC Frequency now.......[Hz].: 50.01
Operating Hours.........[h].: 4378
Startups....................: 526
Energy today...........[Wh].: 4100
Energy yesterday.......[Wh].: 5800
Energy this Month.....[kWh].: 39
Energy last Month.....[kWh].: 99
Energy this Year......[kWh].: 39
Energy last Year......[kWh].: 10610
Energy total..........[kWh].: 11361
Temperature Heat Sink..[°C].: 31
Operational State...........: 20008
============================================================
Time........................: Sat Jan  5 15:19:13 2013
COMMUNICATION...............: ONLINE
AC Power now.........[Watt].: 162
Load now................[%].: 1
AC Voltage now.......[Volt].: 231
AC Current now.......[Amps].: 0.77
DC Voltage now.......[Volt].: 578.1
DC Current now.......[Amps].: 0.12
AC Frequency now.......[Hz].: 49.97
Operating Hours.........[h].: 4379
Startups....................: 526
Energy today...........[Wh].: 4200
Energy yesterday.......[Wh].: 5800
Energy this Month.....[kWh].: 39
Energy last Month.....[kWh].: 99
Energy this Year......[kWh].: 39
Energy last Year......[kWh].: 10610
Energy total..........[kWh].: 11361
Temperature Heat Sink..[°C].: 31
Operational State...........: 20008
============================================================
Time........................: Sat Jan  5 15:39:07 2013
COMMUNICATION...............: ONLINE
AC Power now.........[Watt].: 290
Load now................[%].: 2
AC Voltage now.......[Volt].: 231.6
AC Current now.......[Amps].: 0.82
DC Voltage now.......[Volt].: 589.8
DC Current now.......[Amps].: 0.24
AC Frequency now.......[Hz].: 49.98
Operating Hours.........[h].: 4379
Startups....................: 526
Energy today...........[Wh].: 4300
Energy yesterday.......[Wh].: 5800
Energy this Month.....[kWh].: 39
Energy last Month.....[kWh].: 99
Energy this Year......[kWh].: 39
Energy last Year......[kWh].: 10610
Energy total..........[kWh].: 11361
Temperature Heat Sink..[°C].: 31
Operational State...........: 20008
============================================================
Time........................: Sat Jan  5 15:59:13 2013
COMMUNICATION...............: ONLINE
AC Power now.........[Watt].: 227
Load now................[%].: 1
AC Voltage now.......[Volt].: 231.9
AC Current now.......[Amps].: 0.78
DC Voltage now.......[Volt].: 591.1
DC Current now.......[Amps].: 0.18
AC Frequency now.......[Hz].: 49.98
Operating Hours.........[h].: 4379
Startups....................: 526
Energy today...........[Wh].: 4400
Energy yesterday.......[Wh].: 5800
Energy this Month.....[kWh].: 39
Energy last Month.....[kWh].: 99
Energy this Year......[kWh].: 39
Energy last Year......[kWh].: 10610
Energy total..........[kWh].: 11361
Temperature Heat Sink..[°C].: 31
Operational State...........: 20008
============================================================
Time........................: Sat Jan  5 16:19:06 2013
COMMUNICATION...............: ONLINE
AC Power now.........[Watt].: 183
Load now................[%].: 1
AC Voltage now.......[Volt].: 231.5
AC Current now.......[Amps].: 0.77
DC Voltage now.......[Volt].: 572.8
DC Current now.......[Amps].: 0.14
AC Frequency now.......[Hz].: 49.98
Operating Hours.........[h].: 4380
Startups....................: 526
Energy today...........[Wh].: 4500
Energy yesterday.......[Wh].: 5800
Energy this Month.....[kWh].: 39
Energy last Month.....[kWh].: 99
Energy this Year......[kWh].: 39
Energy last Year......[kWh].: 10610
Energy total..........[kWh].: 11361
Temperature Heat Sink..[°C].: 31
Operational State...........: 20008
============================================================
Time........................: Sat Jan  5 16:39:12 2013
COMMUNICATION...............: ONLINE
AC Power now.........[Watt].: 0
Load now................[%].: 0
AC Voltage now.......[Volt].: 0
AC Current now.......[Amps].: 0
DC Voltage now.......[Volt].: 607.5
DC Current now.......[Amps].: 0.04
AC Frequency now.......[Hz].: 0
Operating Hours.........[h].: 4380
Startups....................: 526
Energy today...........[Wh].: 4500
Energy yesterday.......[Wh].: 5800
Energy this Month.....[kWh].: 39
Energy last Month.....[kWh].: 99
Energy this Year......[kWh].: 39
Energy last Year......[kWh].: 10610
Energy total..........[kWh].: 11361
Temperature Heat Sink..[°C].: 31
Operational State...........: 20002
============================================================
No reading (OFFLINE etc) at this time
Time........................: Sat Jan  5 16:59:06 2013
COMMUNICATION...............: OFFLINE
AC Power now.........[Watt].: 0
Load now................[%].: 0
AC Voltage now.......[Volt].: 0
AC Current now.......[Amps].: 0
DC Voltage now.......[Volt].: 0
DC Current now.......[Amps].: 0
AC Frequency now.......[Hz].: 0
Operating Hours.........[h].: 0
Startups....................: 0
Energy today...........[Wh].: 0
Energy yesterday.......[Wh].: 0
Energy this Month.....[kWh].: 0
Energy last Month.....[kWh].: 0
Energy this Year......[kWh].: 0
Energy last Year......[kWh].: 0
Energy total..........[kWh].: 0
Temperature Heat Sink..[°C].: 0
Operational State...........: 
============================================================
No reading (OFFLINE etc) at this time
Time........................: Sat Jan  5 17:19:11 2013
COMMUNICATION...............: OFFLINE
AC Power now.........[Watt].: 0
Load now................[%].: 0
AC Voltage now.......[Volt].: 0
AC Current now.......[Amps].: 0
DC Voltage now.......[Volt].: 0
DC Current now.......[Amps].: 0
AC Frequency now.......[Hz].: 0
Operating Hours.........[h].: 0
Startups....................: 0
Energy today...........[Wh].: 0
Energy yesterday.......[Wh].: 0
Energy this Month.....[kWh].: 0
Energy last Month.....[kWh].: 0
Energy this Year......[kWh].: 0
Energy last Year......[kWh].: 0
Energy total..........[kWh].: 0
Temperature Heat Sink..[°C].: 0
Operational State...........: 
============================================================
No reading (OFFLINE etc) at this time
Time........................: Sat Jan  5 17:39:12 2013
COMMUNICATION...............: OFFLINE
AC Power now.........[Watt].: 0
Load now................[%].: 0
AC Voltage now.......[Volt].: 0
AC Current now.......[Amps].: 0
DC Voltage now.......[Volt].: 0
DC Current now.......[Amps].: 0
AC Frequency now.......[Hz].: 0
Operating Hours.........[h].: 0
Startups....................: 0
Energy today...........[Wh].: 0
Energy yesterday.......[Wh].: 0
Energy this Month.....[kWh].: 0
Energy last Month.....[kWh].: 0
Energy this Year......[kWh].: 0
Energy last Year......[kWh].: 0
Energy total..........[kWh].: 0
Temperature Heat Sink..[°C].: 0
Operational State...........: 
============================================================
No reading (OFFLINE etc) at this time
Time........................: Sat Jan  5 17:59:09 2013
COMMUNICATION...............: OFFLINE
AC Power now.........[Watt].: 0
Load now................[%].: 0
AC Voltage now.......[Volt].: 0
AC Current now.......[Amps].: 0
DC Voltage now.......[Volt].: 0
DC Current now.......[Amps].: 0
AC Frequency now.......[Hz].: 0
Operating Hours.........[h].: 0
Startups....................: 0
Energy today...........[Wh].: 0
Energy yesterday.......[Wh].: 0
Energy this Month.....[kWh].: 0
Energy last Month.....[kWh].: 0
Energy this Year......[kWh].: 0
Energy last Year......[kWh].: 0
Energy total..........[kWh].: 0
Temperature Heat Sink..[°C].: 0
Operational State...........: 
============================================================
No reading (OFFLINE etc) at this time
Time........................: Sat Jan  5 18:19:11 2013
COMMUNICATION...............: OFFLINE
AC Power now.........[Watt].: 0
Load now................[%].: 0
AC Voltage now.......[Volt].: 0
AC Current now.......[Amps].: 0
DC Voltage now.......[Volt].: 0
DC Current now.......[Amps].: 0
AC Frequency now.......[Hz].: 0
Operating Hours.........[h].: 0
Startups....................: 0
Energy today...........[Wh].: 0
Energy yesterday.......[Wh].: 0
Energy this Month.....[kWh].: 0
Energy last Month.....[kWh].: 0
Energy this Year......[kWh].: 0
Energy last Year......[kWh].: 0
Energy total..........[kWh].: 0
Temperature Heat Sink..[°C].: 0
Operational State...........: 
============================================================
No reading (OFFLINE etc) at this time
Time........................: Sat Jan  5 18:38:05 2013
COMMUNICATION...............: OFFLINE
AC Power now.........[Watt].: 0
Load now................[%].: 0
AC Voltage now.......[Volt].: 0
AC Current now.......[Amps].: 0
DC Voltage now.......[Volt].: 0
DC Current now.......[Amps].: 0
AC Frequency now.......[Hz].: 0
Operating Hours.........[h].: 0
Startups....................: 0
Energy today...........[Wh].: 0
Energy yesterday.......[Wh].: 0
Energy this Month.....[kWh].: 0
Energy last Month.....[kWh].: 0
Energy this Year......[kWh].: 0
Energy last Year......[kWh].: 0
Energy total..........[kWh].: 0
Temperature Heat Sink..[°C].: 0
Operational State...........: 
============================================================
No reading (OFFLINE etc) at this time
Time........................: Sat Jan  5 18:59:13 2013
COMMUNICATION...............: OFFLINE
AC Power now.........[Watt].: 0
Load now................[%].: 0
AC Voltage now.......[Volt].: 0
AC Current now.......[Amps].: 0
DC Voltage now.......[Volt].: 0
DC Current now.......[Amps].: 0
AC Frequency now.......[Hz].: 0
Operating Hours.........[h].: 0
Startups....................: 0
Energy today...........[Wh].: 0
Energy yesterday.......[Wh].: 0
Energy this Month.....[kWh].: 0
Energy last Month.....[kWh].: 0
Energy this Year......[kWh].: 0
Energy last Year......[kWh].: 0
Energy total..........[kWh].: 0
Temperature Heat Sink..[°C].: 0
Operational State...........: 
============================================================
No reading (OFFLINE etc) at this time
Time........................: Sat Jan  5 19:19:06 2013
COMMUNICATION...............: OFFLINE
AC Power now.........[Watt].: 0
Load now................[%].: 0
AC Voltage now.......[Volt].: 0
AC Current now.......[Amps].: 0
DC Voltage now.......[Volt].: 0
DC Current now.......[Amps].: 0
AC Frequency now.......[Hz].: 0
Operating Hours.........[h].: 0
Startups....................: 0
Energy today...........[Wh].: 0
Energy yesterday.......[Wh].: 0
Energy this Month.....[kWh].: 0
Energy last Month.....[kWh].: 0
Energy this Year......[kWh].: 0
Energy last Year......[kWh].: 0
Energy total..........[kWh].: 0
Temperature Heat Sink..[°C].: 0
Operational State...........: 
============================================================
No reading (OFFLINE etc) at this time
Time........................: Sat Jan  5 19:39:11 2013
COMMUNICATION...............: OFFLINE
AC Power now.........[Watt].: 0
Load now................[%].: 0
AC Voltage now.......[Volt].: 0
AC Current now.......[Amps].: 0
DC Voltage now.......[Volt].: 0
DC Current now.......[Amps].: 0
AC Frequency now.......[Hz].: 0
Operating Hours.........[h].: 0
Startups....................: 0
Energy today...........[Wh].: 0
Energy yesterday.......[Wh].: 0
Energy this Month.....[kWh].: 0
Energy last Month.....[kWh].: 0
Energy this Year......[kWh].: 0
Energy last Year......[kWh].: 0
Energy total..........[kWh].: 0
Temperature Heat Sink..[°C].: 0
Operational State...........: 
============================================================
No reading (OFFLINE etc) at this time
Time........................: Sat Jan  5 19:59:08 2013
COMMUNICATION...............: OFFLINE
AC Power now.........[Watt].: 0
Load now................[%].: 0
AC Voltage now.......[Volt].: 0
AC Current now.......[Amps].: 0
DC Voltage now.......[Volt].: 0
DC Current now.......[Amps].: 0
AC Frequency now.......[Hz].: 0
Operating Hours.........[h].: 0
Startups....................: 0
Energy today...........[Wh].: 0
Energy yesterday.......[Wh].: 0
Energy this Month.....[kWh].: 0
Energy last Month.....[kWh].: 0
Energy this Year......[kWh].: 0
Energy last Year......[kWh].: 0
Energy total..........[kWh].: 0
Temperature Heat Sink..[°C].: 0
Operational State...........: 
============================================================
No reading (OFFLINE etc) at this time
Time........................: Sat Jan  5 20:19:09 2013
COMMUNICATION...............: OFFLINE
AC Power now.........[Watt].: 0
Load now................[%].: 0
AC Voltage now.......[Volt].: 0
AC Current now.......[Amps].: 0
DC Voltage now.......[Volt].: 0
DC Current now.......[Amps].: 0
AC Frequency now.......[Hz].: 0
Operating Hours.........[h].: 0
Startups....................: 0
Energy today...........[Wh].: 0
Energy yesterday.......[Wh].: 0
Energy this Month.....[kWh].: 0
Energy last Month.....[kWh].: 0
Energy this Year......[kWh].: 0
Energy last Year......[kWh].: 0
Energy total..........[kWh].: 0
Temperature Heat Sink..[°C].: 0
Operational State...........: 
============================================================
No reading (OFFLINE etc) at this time
Time........................: Sat Jan  5 20:39:06 2013
COMMUNICATION...............: OFFLINE
AC Power now.........[Watt].: 0
Load now................[%].: 0
AC Voltage now.......[Volt].: 0
AC Current now.......[Amps].: 0
DC Voltage now.......[Volt].: 0
DC Current now.......[Amps].: 0
AC Frequency now.......[Hz].: 0
Operating Hours.........[h].: 0
Startups....................: 0
Energy today...........[Wh].: 0
Energy yesterday.......[Wh].: 0
Energy this Month.....[kWh].: 0
Energy last Month.....[kWh].: 0
Energy this Year......[kWh].: 0
Energy last Year......[kWh].: 0
Energy total..........[kWh].: 0
Temperature Heat Sink..[°C].: 0
Operational State...........: 
============================================================
No reading (OFFLINE etc) at this time
Time........................: Sat Jan  5 20:59:12 2013
COMMUNICATION...............: OFFLINE
AC Power now.........[Watt].: 0
Load now................[%].: 0
AC Voltage now.......[Volt].: 0
AC Current now.......[Amps].: 0
DC Voltage now.......[Volt].: 0
DC Current now.......[Amps].: 0
AC Frequency now.......[Hz].: 0
Operating Hours.........[h].: 0
Startups....................: 0
Energy today...........[Wh].: 0
Energy yesterday.......[Wh].: 0
Energy this Month.....[kWh].: 0
Energy last Month.....[kWh].: 0
Energy this Year......[kWh].: 0
Energy last Year......[kWh].: 0
Energy total..........[kWh].: 0
Temperature Heat Sink..[°C].: 0
Operational State...........: 
============================================================
No reading (OFFLINE etc) at this time
